4/28/2017 2:59:30 PM	This log contains information about the import schema operation into project 'Database1' on computer 'DESKTOP-K7JBAVN' by user 'Chet'.
4/28/2017 2:59:30 PM	Import of database schema has started.
4/28/2017 2:59:37 PM	Gathering database credentials
4/28/2017 2:59:37 PM	Gathering database options
4/28/2017 2:59:37 PM	Gathering users
4/28/2017 2:59:37 PM	Gathering roles
4/28/2017 2:59:37 PM	Gathering application roles
4/28/2017 2:59:37 PM	Gathering role memberships
4/28/2017 2:59:37 PM	Gathering filegroups
4/28/2017 2:59:37 PM	Gathering files
4/28/2017 2:59:37 PM	Gathering full-text catalogs
4/28/2017 2:59:37 PM	Gathering assemblies
4/28/2017 2:59:37 PM	Gathering certificates
4/28/2017 2:59:37 PM	Gathering asymmetric keys
4/28/2017 2:59:37 PM	Gathering symmetric keys
4/28/2017 2:59:37 PM	Gathering encrypted symmetric keys
4/28/2017 2:59:37 PM	Gathering database encryption keys
4/28/2017 2:59:37 PM	Gathering schemas
4/28/2017 2:59:37 PM	Gathering XML schema collections
4/28/2017 2:59:37 PM	Gathering user-defined data types
4/28/2017 2:59:37 PM	Gathering user-defined types
4/28/2017 2:59:37 PM	Gathering table types
4/28/2017 2:59:37 PM	Gathering unique keys for table types
4/28/2017 2:59:37 PM	Gathering primary keys for table types
4/28/2017 2:59:37 PM	Gathering indexes for table types
4/28/2017 2:59:37 PM	Gathering check constraints for table types
4/28/2017 2:59:37 PM	Gathering default constraints for table types
4/28/2017 2:59:37 PM	Gathering partition functions
4/28/2017 2:59:37 PM	Gathering partition schemes
4/28/2017 2:59:37 PM	Gathering functions
4/28/2017 2:59:37 PM	Gathering encrypted functions
4/28/2017 2:59:37 PM	Gathering aggregates
4/28/2017 2:59:37 PM	Gathering procedures
4/28/2017 2:59:37 PM	Gathering encrypted procedures
4/28/2017 2:59:37 PM	Gathering tables
4/28/2017 2:59:37 PM	Gathering primary keys
4/28/2017 2:59:37 PM	Gathering unique constraints
4/28/2017 2:59:37 PM	Gathering foreign keys
4/28/2017 2:59:37 PM	Gathering default constraints
4/28/2017 2:59:37 PM	Gathering check constraints
4/28/2017 2:59:37 PM	Gathering views
4/28/2017 2:59:37 PM	Gathering encrypted views
4/28/2017 2:59:37 PM	Gathering indexes
4/28/2017 2:59:37 PM	Gathering statistics
4/28/2017 2:59:37 PM	Gathering full-text index stoplists
4/28/2017 2:59:37 PM	Gathering search property lists
4/28/2017 2:59:37 PM	Gathering search properties
4/28/2017 2:59:37 PM	Gathering full-text indexes
4/28/2017 2:59:37 PM	Gathering column store indexes
4/28/2017 2:59:37 PM	Gathering spatial indexes
4/28/2017 2:59:37 PM	Gathering XML indexes
4/28/2017 2:59:37 PM	Gathering Selective XML indexes
4/28/2017 2:59:37 PM	Gathering encrypted triggers
4/28/2017 2:59:37 PM	Gathering triggers
4/28/2017 2:59:37 PM	Gathering encrypted and clr ddl triggers
4/28/2017 2:59:37 PM	Gathering ddl triggers
4/28/2017 2:59:37 PM	Gathering synonyms
4/28/2017 2:59:37 PM	Gathering defaults
4/28/2017 2:59:37 PM	Gathering data constraint uddt bindings
4/28/2017 2:59:37 PM	Gathering rules
4/28/2017 2:59:37 PM	Gathering data constraint uddt bindings
4/28/2017 2:59:37 PM	Gathering message types
4/28/2017 2:59:37 PM	Gathering queues
4/28/2017 2:59:37 PM	Gathering contracts
4/28/2017 2:59:37 PM	Gathering services
4/28/2017 2:59:37 PM	Gathering routes
4/28/2017 2:59:37 PM	Gathering event notifications
4/28/2017 2:59:37 PM	Gathering remote service bindings
4/28/2017 2:59:37 PM	Gathering broker priorities
4/28/2017 2:59:37 PM	Gathering database audit specifications
4/28/2017 2:59:37 PM	Gathering signatures
4/28/2017 2:59:37 PM	Gathering data compression options
4/28/2017 2:59:37 PM	Gathering sequence types
4/28/2017 2:59:37 PM	Gathering security policies
4/28/2017 2:59:37 PM	Gather column encryption keys
4/28/2017 2:59:37 PM	Gathering column master keys
4/28/2017 2:59:37 PM	Gathering external data sources
4/28/2017 2:59:37 PM	Gathering external file formats
4/28/2017 2:59:37 PM	Gathering external tables
4/28/2017 2:59:37 PM	Gathering extended properties
4/28/2017 2:59:37 PM	Gathering credentials
4/28/2017 2:59:37 PM	Gathering logins
4/28/2017 2:59:37 PM	Gathering server audits
4/28/2017 2:59:37 PM	Scanning project for duplicate elements
4/28/2017 2:59:37 PM	Finished duplicate element processing
4/28/2017 2:59:38 PM	Finished importing database.
4/28/2017 2:59:38 PM	A summary of the import was saved to the following location: c:\users\chet\documents\visual studio 2017\Projects\Database1\Database1\Import Schema Logs\Database1_20170428065930.log
4/28/2017 2:59:38 PM	Click Finish to continue...
